Building DAG of jobs...
Using shell: /usr/bin/bash
Provided cluster nodes: 35
Job counts:
	count	jobs
	1	generate_global_data
	1	targets
	2
Select jobs to execute...

[Thu Apr 28 16:54:48 2022]
rule generate_global_data:
    input: /scratch/eburban/DomIsol/test_RIDGE/locus_datafile, /scratch/eburban/DomIsol/test_RIDGE/config.yaml
    output: /scratch/eburban/DomIsol/test_RIDGE/simdata/IM_2M_2N_0_Ts~10000_Pb~0.1_Mb~10/ABCstat_global.txt, /scratch/eburban/DomIsol/test_RIDGE/simdata/IM_2M_2N_0_Ts~10000_Pb~0.1_Mb~10/ABCstat_locus.txt, /scratch/eburban/DomIsol/test_RIDGE/simdata/IM_2M_2N_0_Ts~10000_Pb~0.1_Mb~10/priorfile.txt, /scratch/eburban/DomIsol/test_RIDGE/simdata/IM_2M_2N_0_Ts~10000_Pb~0.1_Mb~10/priorfile_locus.txt
    jobid: 4
    wildcards: timeStamp=/scratch/eburban/DomIsol/test_RIDGE, sim_model=IM_2M_2N, n=0, Tsplit=10000, Pbar=0.1, Mbasal=10
    threads: 4
    resources: mem_mb=10000


        cd /scratch/eburban/DomIsol/test_RIDGE/simdata/IM_2M_2N_0_Ts~10000_Pb~0.1_Mb~10
        singularity exec --bind /home/genouest/cnrs_umr6553/eburban/RIDGE/faker_module,/scratch/eburban/DomIsol/test_RIDGE,/home/genouest/cnrs_umr6553/eburban/RIDGE/container/ /home/genouest/cnrs_umr6553/eburban/RIDGE/container//python.sif python3 /home/genouest/cnrs_umr6553/eburban/RIDGE/faker_module/submit_priorgen_faker.py model=IM_2M_2N             locus_datafile=/scratch/eburban/DomIsol/test_RIDGE/locus_datafile locus_write=True nMultilocus=1            global_write=True Pbarrier=0.1 Tsplit=10000 Mbasal=10            Nref=85000 binpath=/home/genouest/cnrs_umr6553/eburban/RIDGE/faker_module
        singularity exec --bind /home/genouest/cnrs_umr6553/eburban/RIDGE/faker_module,/scratch/eburban/DomIsol/test_RIDGE,/home/genouest/cnrs_umr6553/eburban/RIDGE/container/ /home/genouest/cnrs_umr6553/eburban/RIDGE/container//scrm_pypy.sif sh exec.sh 
        rm exec.sh
        
Submitted job 4 with external jobid 'Submitted batch job 10628988'.
